[17:14:20] [Server thread/INFO]: Starting minecraft server version 1.8.8
[17:14:20] [Server thread/INFO]: Loading properties
[17:14:20] [Server thread/INFO]: Default game type: SURVIVAL
[17:14:20] [Server thread/INFO]: This server is running PandaSpigot version git-PandaSpigot-85 (MC: 1.8.8) (Implementing API version 1.8.8-R0.1-SNAPSHOT) (Git: 158d845)
[17:14:20] [Server thread/INFO]: Debug logging is disabled
[17:14:20] [Server thread/INFO]: Server Ping Player Sample Count: 12

[17:14:20] [Server thread/INFO]: Spigot Timings: true - Verbose: true - Interval: 5m - Length: 60m
[17:14:20] [Server thread/INFO]: Using 4 threads for Netty based IO
[17:14:20] [Server thread/INFO]: Data value allowed items: 
[17:14:20] [Server thread/INFO]: Generating keypair
[17:14:20] [Server thread/INFO]: Starting Minecraft server on localhost:25565
[17:14:20] [Server thread/INFO]: Using default channel type
[17:14:21] [Server thread/ERROR]: Ambiguous plugin name `WorldEdit' for files `plugins/worldedit-bukkit-6.1 (1).jar' and `plugins/worldedit-bukkit-6.1.9.jar' in `plugins'
[17:14:21] [Server thread/INFO]: Set PluginClassLoader as parallel capable
[17:14:21] [Server thread/INFO]: [ClearLag] Loading ClearLag v3.2.2
[17:14:21] [Server thread/INFO]: [SimpleTpa] Loading SimpleTpa v6.4
[17:14:21] [Server thread/INFO]: [SimpleHomes] Loading SimpleHomes v2.2
[17:14:21] [Server thread/INFO]: [WorldEdit] Loading WorldEdit v6.1;no_git_id
[17:14:21] [Server thread/INFO]: [Zenchantments] Loading Zenchantments v1.4.0
[17:14:21] [Server thread/INFO]: [Minepacks] Loading Minepacks v2.4.31.6-T20250103114036
[17:14:21] [Server thread/INFO]: [Minepacks] PCGF-PluginLib not installed. Switching to standalone mode!
[17:14:21] [Server thread/INFO]: [SilkSpawners] Loading SilkSpawners v8.0.0
[17:14:21] [Server thread/INFO]: [Enchants] Loading Enchants v1.13.1
[17:14:21] [Server thread/WARN]: **** SERVER IS RUNNING IN OFFLINE/INSECURE MODE!
[17:14:21] [Server thread/WARN]: The server will make no attempt to authenticate usernames. Beware.
[17:14:21] [Server thread/WARN]: Whilst this makes it possible to use BungeeCord, unless access to your server is properly restricted, it also opens up the ability for hackers to connect with any username they choose.
[17:14:21] [Server thread/WARN]: Please see http://www.spigotmc.org/wiki/firewall-guide/ for further information.
[17:14:21] [Server thread/WARN]: To change this, set "online-mode" to "true" in the server.properties file.
[17:14:21] [Server thread/INFO]: **** Beginning UUID conversion, this may take A LONG time ****
[17:14:21] [Server thread/INFO]: Preparing level "world"
[17:14:21] [Server thread/INFO]: -------- World Settings For [world] --------
[17:14:21] [Server thread/INFO]: Chunks to Grow per Tick: 650
[17:14:21] [Server thread/INFO]: Clear tick list: false
[17:14:21] [Server thread/INFO]: Experience Merge Radius: 3.0
[17:14:21] [Server thread/INFO]: Anti X-Ray: true
[17:14:21] [Server thread/INFO]: 	Engine Mode: 1
[17:14:21] [Server thread/INFO]: 	Hidden Blocks: [14, 15, 16, 21, 48, 49, 54, 56, 73, 74, 82, 129, 130]
[17:14:21] [Server thread/INFO]: 	Replace Blocks: [1, 5]
[17:14:21] [Server thread/INFO]: Nerfing mobs spawned from spawners: false
[17:14:21] [Server thread/INFO]: Cactus Growth Modifier: 100%
[17:14:21] [Server thread/INFO]: Cane Growth Modifier: 100%
[17:14:21] [Server thread/INFO]: Melon Growth Modifier: 100%
[17:14:21] [Server thread/INFO]: Mushroom Growth Modifier: 100%
[17:14:21] [Server thread/INFO]: Pumpkin Growth Modifier: 100%
[17:14:21] [Server thread/INFO]: Sapling Growth Modifier: 100%
[17:14:21] [Server thread/INFO]: Wheat Growth Modifier: 100%
[17:14:21] [Server thread/INFO]: NetherWart Growth Modifier: 100%
[17:14:21] [Server thread/INFO]: Mob Spawn Range: 4
[17:14:21] [Server thread/INFO]: Entity Activation Range: An 32 / Mo 32 / Mi 16
[17:14:21] [Server thread/INFO]: Entity Tracking Range: Pl 48 / An 48 / Mo 48 / Mi 32 / Other 64
[17:14:21] [Server thread/INFO]: Hopper Transfer: 8 Hopper Check: 8 Hopper Amount: 1
[17:14:21] [Server thread/INFO]: Random Lighting Updates: false
[17:14:21] [Server thread/INFO]: Structure Info Saving: true
[17:14:21] [Server thread/INFO]: Sending up to 10 chunks per packet
[17:14:21] [Server thread/INFO]: Max Entity Collisions: 8
[17:14:21] [Server thread/INFO]: Custom Map Seeds:  Village: 10387312 Feature: 14357617
[17:14:21] [Server thread/INFO]: Max TNT Explosions: 100
[17:14:21] [Server thread/INFO]: Tile Max Tick Time: 50ms Entity max Tick Time: 50ms
[17:14:21] [Server thread/INFO]: Item Despawn Rate: 6000
[17:14:21] [Server thread/INFO]: Item Merge Radius: 2.5
[17:14:21] [Server thread/INFO]: Arrow Despawn Rate: 1200
[17:14:21] [Server thread/INFO]: Allow Zombie Pigmen to spawn from portal blocks: true
[17:14:21] [Server thread/INFO]: View Distance: 4
[17:14:21] [Server thread/INFO]: Zombie Aggressive Towards Villager: true
[17:14:21] [Server thread/INFO]: -------- World Settings For [world] --------
[17:14:21] [Server thread/INFO]: Keep spawn chunk loaded: true
[17:14:21] [Server thread/INFO]: WorldServer TickNextTick cap set at 10000
[17:14:21] [Server thread/INFO]: WorldServer TickNextTickList cap always processes redstone: false
[17:14:21] [Server thread/INFO]: World async lighting: false
[17:14:21] [Server thread/INFO]: Squids will spawn between Y: 45.0 and Y: 63.0
[17:14:21] [Server thread/INFO]: Max height for cactus growth 3. Max height for reed growth 3
[17:14:21] [Server thread/INFO]: Living Entity Despawn Ranges:  Soft: 32 Hard: 128
[17:14:21] [Server thread/INFO]: Remove invalid mob spawner tile entities: true
[17:14:21] [Server thread/INFO]: Player blocking damage multiplier set to 0.5
[17:14:21] [Server thread/INFO]: Water over lava flow speed: 5
[17:14:21] [Server thread/INFO]: Fix TNT cannons: false
[17:14:21] [Server thread/INFO]: Allow undead horse types to be leashed: false
[17:14:21] [Server thread/INFO]: -------- World Settings For [world_nether] --------
[17:14:21] [Server thread/INFO]: Chunks to Grow per Tick: 650
[17:14:21] [Server thread/INFO]: Clear tick list: false
[17:14:21] [Server thread/INFO]: Experience Merge Radius: 3.0
[17:14:21] [Server thread/INFO]: Anti X-Ray: true
[17:14:21] [Server thread/INFO]: 	Engine Mode: 1
[17:14:21] [Server thread/INFO]: 	Hidden Blocks: [14, 15, 16, 21, 48, 49, 54, 56, 73, 74, 82, 129, 130]
[17:14:21] [Server thread/INFO]: 	Replace Blocks: [1, 5]
[17:14:21] [Server thread/INFO]: Nerfing mobs spawned from spawners: false
[17:14:21] [Server thread/INFO]: Cactus Growth Modifier: 100%
[17:14:21] [Server thread/INFO]: Cane Growth Modifier: 100%
[17:14:21] [Server thread/INFO]: Melon Growth Modifier: 100%
[17:14:21] [Server thread/INFO]: Mushroom Growth Modifier: 100%
[17:14:21] [Server thread/INFO]: Pumpkin Growth Modifier: 100%
[17:14:21] [Server thread/INFO]: Sapling Growth Modifier: 100%
[17:14:21] [Server thread/INFO]: Wheat Growth Modifier: 100%
[17:14:21] [Server thread/INFO]: NetherWart Growth Modifier: 100%
[17:14:21] [Server thread/INFO]: Mob Spawn Range: 4
[17:14:21] [Server thread/INFO]: Entity Activation Range: An 32 / Mo 32 / Mi 16
[17:14:21] [Server thread/INFO]: Entity Tracking Range: Pl 48 / An 48 / Mo 48 / Mi 32 / Other 64
[17:14:21] [Server thread/INFO]: Hopper Transfer: 8 Hopper Check: 8 Hopper Amount: 1
[17:14:21] [Server thread/INFO]: Random Lighting Updates: false
[17:14:21] [Server thread/INFO]: Structure Info Saving: true
[17:14:21] [Server thread/INFO]: Sending up to 10 chunks per packet
[17:14:21] [Server thread/INFO]: Max Entity Collisions: 8
[17:14:21] [Server thread/INFO]: Custom Map Seeds:  Village: 10387312 Feature: 14357617
[17:14:21] [Server thread/INFO]: Max TNT Explosions: 100
[17:14:21] [Server thread/INFO]: Tile Max Tick Time: 50ms Entity max Tick Time: 50ms
[17:14:21] [Server thread/INFO]: Item Despawn Rate: 6000
[17:14:21] [Server thread/INFO]: Item Merge Radius: 2.5
[17:14:21] [Server thread/INFO]: Arrow Despawn Rate: 1200
[17:14:21] [Server thread/INFO]: Allow Zombie Pigmen to spawn from portal blocks: true
[17:14:21] [Server thread/INFO]: View Distance: 4
[17:14:21] [Server thread/INFO]: Zombie Aggressive Towards Villager: true
[17:14:21] [Server thread/INFO]: -------- World Settings For [world_nether] --------
[17:14:21] [Server thread/INFO]: Keep spawn chunk loaded: true
[17:14:21] [Server thread/INFO]: WorldServer TickNextTick cap set at 10000
[17:14:21] [Server thread/INFO]: WorldServer TickNextTickList cap always processes redstone: false
[17:14:21] [Server thread/INFO]: World async lighting: false
[17:14:21] [Server thread/INFO]: Squids will spawn between Y: 45.0 and Y: 63.0
[17:14:21] [Server thread/INFO]: Max height for cactus growth 3. Max height for reed growth 3
[17:14:21] [Server thread/INFO]: Living Entity Despawn Ranges:  Soft: 32 Hard: 128
[17:14:21] [Server thread/INFO]: Remove invalid mob spawner tile entities: true
[17:14:21] [Server thread/INFO]: Player blocking damage multiplier set to 0.5
[17:14:21] [Server thread/INFO]: Water over lava flow speed: 5
[17:14:21] [Server thread/INFO]: Fix TNT cannons: false
[17:14:21] [Server thread/INFO]: Allow undead horse types to be leashed: false
[17:14:21] [Server thread/INFO]: -------- World Settings For [world_the_end] --------
[17:14:21] [Server thread/INFO]: Chunks to Grow per Tick: 650
[17:14:21] [Server thread/INFO]: Clear tick list: false
[17:14:21] [Server thread/INFO]: Experience Merge Radius: 3.0
[17:14:21] [Server thread/INFO]: Anti X-Ray: true
[17:14:21] [Server thread/INFO]: 	Engine Mode: 1
[17:14:21] [Server thread/INFO]: 	Hidden Blocks: [14, 15, 16, 21, 48, 49, 54, 56, 73, 74, 82, 129, 130]
[17:14:21] [Server thread/INFO]: 	Replace Blocks: [1, 5]
[17:14:21] [Server thread/INFO]: Nerfing mobs spawned from spawners: false
[17:14:21] [Server thread/INFO]: Cactus Growth Modifier: 100%
[17:14:21] [Server thread/INFO]: Cane Growth Modifier: 100%
[17:14:21] [Server thread/INFO]: Melon Growth Modifier: 100%
[17:14:21] [Server thread/INFO]: Mushroom Growth Modifier: 100%
[17:14:21] [Server thread/INFO]: Pumpkin Growth Modifier: 100%
[17:14:21] [Server thread/INFO]: Sapling Growth Modifier: 100%
[17:14:21] [Server thread/INFO]: Wheat Growth Modifier: 100%
[17:14:21] [Server thread/INFO]: NetherWart Growth Modifier: 100%
[17:14:21] [Server thread/INFO]: Mob Spawn Range: 4
[17:14:21] [Server thread/INFO]: Entity Activation Range: An 32 / Mo 32 / Mi 16
[17:14:21] [Server thread/INFO]: Entity Tracking Range: Pl 48 / An 48 / Mo 48 / Mi 32 / Other 64
[17:14:21] [Server thread/INFO]: Hopper Transfer: 8 Hopper Check: 8 Hopper Amount: 1
[17:14:21] [Server thread/INFO]: Random Lighting Updates: false
[17:14:21] [Server thread/INFO]: Structure Info Saving: true
[17:14:21] [Server thread/INFO]: Sending up to 10 chunks per packet
[17:14:21] [Server thread/INFO]: Max Entity Collisions: 8
[17:14:21] [Server thread/INFO]: Custom Map Seeds:  Village: 10387312 Feature: 14357617
[17:14:21] [Server thread/INFO]: Max TNT Explosions: 100
[17:14:21] [Server thread/INFO]: Tile Max Tick Time: 50ms Entity max Tick Time: 50ms
[17:14:21] [Server thread/INFO]: Item Despawn Rate: 6000
[17:14:21] [Server thread/INFO]: Item Merge Radius: 2.5
[17:14:21] [Server thread/INFO]: Arrow Despawn Rate: 1200
[17:14:21] [Server thread/INFO]: Allow Zombie Pigmen to spawn from portal blocks: true
[17:14:21] [Server thread/INFO]: View Distance: 4
[17:14:21] [Server thread/INFO]: Zombie Aggressive Towards Villager: true
[17:14:21] [Server thread/INFO]: -------- World Settings For [world_the_end] --------
[17:14:21] [Server thread/INFO]: Keep spawn chunk loaded: true
[17:14:21] [Server thread/INFO]: WorldServer TickNextTick cap set at 10000
[17:14:21] [Server thread/INFO]: WorldServer TickNextTickList cap always processes redstone: false
[17:14:21] [Server thread/INFO]: World async lighting: false
[17:14:21] [Server thread/INFO]: Squids will spawn between Y: 45.0 and Y: 63.0
[17:14:21] [Server thread/INFO]: Max height for cactus growth 3. Max height for reed growth 3
[17:14:21] [Server thread/INFO]: Living Entity Despawn Ranges:  Soft: 32 Hard: 128
[17:14:21] [Server thread/INFO]: Remove invalid mob spawner tile entities: true
[17:14:21] [Server thread/INFO]: Player blocking damage multiplier set to 0.5
[17:14:21] [Server thread/INFO]: Water over lava flow speed: 5
[17:14:21] [Server thread/INFO]: Fix TNT cannons: false
[17:14:21] [Server thread/INFO]: Allow undead horse types to be leashed: false
[17:14:21] [Server thread/INFO]: Preparing start region for level 0 (Seed: -3930827945629396762)
[17:14:22] [Server thread/INFO]: Preparing start region for level 1 (Seed: -3930827945629396762)
[17:14:22] [Server thread/INFO]: Preparing start region for level 2 (Seed: -3930827945629396762)
[17:14:23] [Server thread/INFO]: [ClearLag] Enabling ClearLag v3.2.2
[17:14:23] [Server thread/INFO]: [ClearLag] Using version-adapter: LegacyVersionAdapter
[17:14:23] [Server thread/INFO]: [ClearLag] Loading modules...
[17:14:23] [Server thread/INFO]: [ClearLag] Modules enabed, loading config values
[17:14:23] [Server thread/INFO]: [ClearLag] Modules have been loaded!
[17:14:23] [Server thread/INFO]: [ClearLag] Clearlag is now enabled!
[17:14:23] [Thread-2/INFO]: [ClearLag] Checking for updates compatible with your bukkit version [1.8]...
[17:14:23] [Server thread/INFO]: [SimpleTpa] Enabling SimpleTpa v6.4
[17:14:23] [Server thread/INFO]: [SimpleTpa] If you need support contact me at https://discord.gg/SZUkza9
[17:14:23] [Server thread/INFO]: [SimpleTpa] Simple Tpa has been enabled on version 6.4
[17:14:23] [Server thread/INFO]: Enabled metrics. You may opt-out by changing plugins/bStats/config.yml
[17:14:23] [Server thread/INFO]: [SimpleHomes] Enabling SimpleHomes v2.2
[17:14:23] [Server thread/INFO]: [WorldEdit] Enabling WorldEdit v6.1;no_git_id
[17:14:23] [Server thread/INFO]: WEPIF: Using the Bukkit Permissions API.
[17:14:23] [Server thread/INFO]: [WorldEdit] Using com.sk89q.worldedit.bukkit.adapter.impl.Spigot_v1_8_R3 as the Bukkit adapter
[17:14:23] [Server thread/INFO]: [Zenchantments] Enabling Zenchantments v1.4.0
[17:14:23] [Server thread/INFO]: [Minepacks] Enabling Minepacks v2.4.31.6-T20250103114036
[17:14:23] [Server thread/INFO]: [Minepacks] Starting Minepacks in standalone mode!
[17:14:23] [Thread-2/INFO]: [ClearLag] No updates found!
[17:14:23] [Server thread/INFO]: [Minepacks] [32mConfig file successfully loaded.[0m
[17:14:23] [Server thread/INFO]: [Minepacks] [32mLanguage file successfully loaded. Language: english  Author: GeorgH93[0m
[17:14:23] [Server thread/WARN]: SLF4J: No SLF4J providers were found.

[17:14:23] [Server thread/WARN]: SLF4J: Defaulting to no-operation (NOP) logger implementation

[17:14:23] [Server thread/WARN]: SLF4J: See http://www.slf4j.org/codes.html#noProviders for further details.

[17:14:24] [Server thread/INFO]: [Minepacks] [32mItem name language file successfully loaded. Language: english  Author: GeorgH93[0m
[17:14:24] [Server thread/INFO]: [Minepacks] Loading item translations ...
[17:14:24] [Server thread/INFO]: [Minepacks] Finished loading item translations for 634 items.
[17:14:24] [Server thread/INFO]: [Minepacks] [32m Minepacks has been enabled! [33m :) [0m
[17:14:24] [Server thread/INFO]: [SilkSpawners] Enabling SilkSpawners v8.0.0
[17:14:24] [Server thread/INFO]: [SilkSpawners] WorldGuard was not found and support is disabled
[17:14:24] [Server thread/INFO]: [SilkSpawners] Loading support for v1_8_R3
[17:14:24] [Server thread/INFO]: [SilkSpawners] AutoUpdater is enabled and now running.
[17:14:24] [Server thread/INFO]: [SilkSpawners] BarAPI is disabled due to config setting.
[17:14:24] [Server thread/INFO]: [Enchants] Enabling Enchants v1.13.1
[17:14:24] [Server thread/INFO]: ==================
[17:14:24] [Server thread/INFO]:  
[17:14:24] [Server thread/INFO]: Enabling Enchants v1.13.1...
[17:14:24] [Server thread/INFO]:  
[17:14:24] [Server thread/INFO]: ==================
[17:14:24] [Server thread/INFO]: Server permissions file permissions.yml is empty, ignoring it
[17:14:24] [Server thread/INFO]: Done (3.124s)! For help, type "help" or "?"
[17:14:24] [Server thread/INFO]: Timings Reset
[17:14:24] [Server thread/INFO]: [SilkSpawners] Result from AutoUpdater is: NO_UPDATE
[17:14:24] [Craft Scheduler Thread - 0/INFO]: [SimpleTpa] There is a new update available.
[17:14:24] [Craft Scheduler Thread - 0/INFO]: [SimpleTpa] There is a new update available:
[17:14:24] [Craft Scheduler Thread - 0/INFO]: [SimpleTpa] https://www.spigotmc.org/resources/simple-tpa.64270/
